<?xml version="1.0" encoding="UTF-8"?>
<!-- Generated by org.testng.reporters.JUnitReportReporter -->
<testsuite hostname="Christians-MBP.attlocal.net" failures="0" tests="1" name="cucumber.TestNGTestRunner" time="11.905" errors="0" timestamp="2023-06-11T01:28:01 CDT" skipped="0">
  <testcase classname="cucumber.TestNGTestRunner" name="runScenario" time="11.905"/>
  <system-out/>
</testsuite> <!-- cucumber.TestNGTestRunner -->
