<?xml version="1.0" encoding="UTF-8"?>
<!-- Generated by org.testng.reporters.JUnitReportReporter -->
<testsuite hostname="Christians-MBP.attlocal.net" failures="0" tests="3" name="christianacademy.tests.SubmitOrderTest" time="30.144" errors="0" timestamp="2023-06-10T20:56:31 CDT" skipped="0">
  <testcase classname="christianacademy.tests.SubmitOrderTest" name="submitOrder" time="10.927"/>
  <system-out/>
  <testcase classname="christianacademy.tests.SubmitOrderTest" name="submitOrder" time="10.242"/>
  <system-out/>
  <testcase classname="christianacademy.tests.SubmitOrderTest" name="OrderHistoryTest" time="8.975"/>
  <system-out/>
</testsuite> <!-- christianacademy.tests.SubmitOrderTest -->
