<?xml version="1.0" encoding="UTF-8"?>
<!-- Generated by org.testng.reporters.JUnitReportReporter -->
<testsuite hostname="Christians-MBP.attlocal.net" failures="0" tests="1" name="cucumber.TestNGTestRunner" time="14.894" errors="0" timestamp="2023-06-11T01:47:24 CDT" skipped="0">
  <testcase classname="cucumber.TestNGTestRunner" name="runScenario" time="14.894"/>
</testsuite> <!-- cucumber.TestNGTestRunner -->
