<?xml version="1.0" encoding="UTF-8"?>
<!-- Generated by org.testng.reporters.JUnitReportReporter -->
<testsuite hostname="Christians-MBP.attlocal.net" failures="0" tests="2" name="christianacademy.tests.ErrorValidationsTest" time="18.944" errors="0" timestamp="2023-06-11T01:40:50 CDT" skipped="0">
  <testcase classname="christianacademy.tests.ErrorValidationsTest" name="ProductErrorValidation" time="9.292"/>
  <testcase classname="christianacademy.tests.ErrorValidationsTest" name="LoginErrorValidation" time="9.652"/>
</testsuite> <!-- christianacademy.tests.ErrorValidationsTest -->
